▲ Next.js 16.2.4 (webpack)
- Local:         http://127.0.0.1:3000
- Network:       http://127.0.0.1:3000
- Environments: .env.local
✓ Ready in 848ms
- Experiments (use with caution):
  · optimizePackageImports
  ✓ workerThreads

○ Compiling proxy ...
○ Compiling /trash ...
 GET /trash 200 in 24.7s (next.js: 21.7s, proxy.ts: 1050ms, application-code: 1955ms)
 GET /trash 200 in 727ms (next.js: 15ms, proxy.ts: 378ms, application-code: 335ms)
○ Compiling /api/auth/session/me ...
 GET /trash 200 in 820ms (next.js: 179ms, proxy.ts: 15ms, application-code: 626ms)
 GET /api/auth/session/me 200 in 28ms (next.js: 6ms, proxy.ts: 12ms, application-code: 11ms)
 GET /api/trash 500 in 2.1s (next.js: 1020ms, proxy.ts: 731ms, application-code: 332ms)
 GET /api/trash?type=customers 500 in 2.2s (next.js: 1019ms, proxy.ts: 733ms, application-code: 435ms)
 GET /api/settings/bot/status 200 in 4.2s (next.js: 2.4s, proxy.ts: 11ms, application-code: 1763ms)
 GET /api/trash 500 in 404ms (next.js: 7ms, proxy.ts: 195ms, application-code: 202ms)
 GET /api/trash?type=customers 500 in 367ms (next.js: 3ms, proxy.ts: 36ms, application-code: 328ms)
[?25h
