▲ Next.js 16.2.4 (webpack)
- Local:         http://127.0.0.1:3000
- Network:       http://127.0.0.1:3000
- Environments: .env.local
✓ Ready in 799ms
- Experiments (use with caution):
  · optimizePackageImports
  ✓ workerThreads

○ Compiling /trash ...
 GET /trash 200 in 6.9s (next.js: 5.9s, proxy.ts: 328ms, application-code: 699ms)
○ Compiling /api/auth/session/me ...
 GET /trash 200 in 700ms (next.js: 120ms, proxy.ts: 12ms, application-code: 568ms)
 GET /api/auth/session/me 200 in 28ms (next.js: 4ms, proxy.ts: 14ms, application-code: 10ms)
 GET /api/settings/bot/status 200 in 4.2s (next.js: 2.4s, proxy.ts: 10ms, application-code: 1859ms)
 GET /api/trash 200 in 2.4s (next.js: 1039ms, proxy.ts: 711ms, application-code: 631ms)
 GET /api/trash?type=customers 200 in 2.4s (next.js: 1037ms, proxy.ts: 712ms, application-code: 640ms)
 GET /api/trash?type=customers 200 in 357ms (next.js: 2ms, proxy.ts: 159ms, application-code: 196ms)
 GET /trash 200 in 736ms (next.js: 122ms, proxy.ts: 6ms, application-code: 607ms)
 GET /api/auth/session/me 200 in 45ms (next.js: 22ms, proxy.ts: 12ms, application-code: 10ms)
 GET /api/trash 200 in 524ms (next.js: 5ms, proxy.ts: 14ms, application-code: 506ms)
 GET /api/trash?type=customers 200 in 535ms (next.js: 25ms, proxy.ts: 15ms, application-code: 495ms)
 GET /api/settings/bot/status 200 in 937ms (next.js: 69ms, proxy.ts: 10ms, application-code: 857ms)
 GET /trash 200 in 177ms (next.js: 5ms, proxy.ts: 17ms, application-code: 154ms)
 GET /api/auth/session/me 200 in 34ms (next.js: 6ms, proxy.ts: 15ms, application-code: 14ms)
 GET /api/trash?type=customers 200 in 346ms (next.js: 29ms, proxy.ts: 9ms, application-code: 308ms)
 GET /api/trash 200 in 359ms (next.js: 7ms, proxy.ts: 10ms, application-code: 342ms)
 GET /api/settings/bot/status 200 in 834ms (next.js: 5ms, proxy.ts: 10ms, application-code: 819ms)
[?25h
