[browser] Can't perform a React state update on a component that hasn't mounted yet. This indicates that you have a side-effect in your render function that asynchronously tries to update the component. Move this work to useEffect instead. 
[browser] Failed to fetch RSC payload for http://127.0.0.1:3000/trash. Falling back to browser navigation. TypeError: Cannot read properties of undefined (reading 'startsWith')
    at window.fetch (<anonymous>:6:39)
[API Error] Error: 
    at countDeletedItems (src\lib\supabase\repositories\trash.repo.ts:62:11)
    at async eval (src\app\api\trash\route.ts:30:56)
    at async eval (src\app\api\trash\route.ts:29:26)
    at async eval (src\lib\api\with-account.ts:92:12)
    at async eval (src\lib\api\with-error-handler.ts:50:14)
  60 |
  61 |   if (error) {
> 62 |     throw new Error(error.message);
     |           ^
  63 |   }
  64 |
  65 |   return count ?? 0;
[API Error] Error: Invalid API key
    at listDeletedItems (src\lib\supabase\repositories\trash.repo.ts:47:20)
    at async eval (src\app\api\trash\route.ts:24:22)
    at async eval (src\lib\api\with-account.ts:92:12)
    at async eval (src\lib\api\with-error-handler.ts:50:14)
  45 |     .limit(500);
  46 |
> 47 |   if (error) throw new Error(error.message);
     |                    ^
  48 |   return { data: (data ?? []) as unknown as Record<string, unknown>[], count: count ?? 0 };
  49 | }
  50 |
[API Error] Error: 
    at countDeletedItems (src\lib\supabase\repositories\trash.repo.ts:62:11)
    at async eval (src\app\api\trash\route.ts:30:56)
    at async eval (src\app\api\trash\route.ts:29:26)
    at async eval (src\lib\api\with-account.ts:92:12)
    at async eval (src\lib\api\with-error-handler.ts:50:14)
  60 |
  61 |   if (error) {
> 62 |     throw new Error(error.message);
     |           ^
  63 |   }
  64 |
  65 |   return count ?? 0;
[API Error] Error: Invalid API key
    at listDeletedItems (src\lib\supabase\repositories\trash.repo.ts:47:20)
    at async eval (src\app\api\trash\route.ts:24:22)
    at async eval (src\lib\api\with-account.ts:92:12)
    at async eval (src\lib\api\with-error-handler.ts:50:14)
  45 |     .limit(500);
  46 |
> 47 |   if (error) throw new Error(error.message);
     |                    ^
  48 |   return { data: (data ?? []) as unknown as Record<string, unknown>[], count: count ?? 0 };
  49 | }
  50 |
