
> premium-admin-web@0.1.0 start
> node --experimental-strip-types --import ./scripts/register-ts-loader.mjs ./scripts/runtime-supervisor.ts --mode=start

[Supervisor] Starting runtime in start mode.
🚀 Starting Telegram Bot (Polling Relay Mode)...
▲ Next.js 16.2.1
- Local:         http://localhost:3001
- Network:       http://10.252.38.186:3001
✓ Ready in 551ms
🚀 Starting Telegram Bot (Polling Relay Mode)...
[Auto-Setup] 🔗 Registering webhook → https://duongminhhoang.id.vn/api/telegram/webhook
[Auto-Setup] ✅ Webhook registered successfully: https://duongminhhoang.id.vn/api/telegram/webhook
🚀 Starting Telegram Bot (Polling Relay Mode)...
[Auto-Setup] ✅ 31 commands registered
[Auto-Setup] ✅ Menu button → https://duongminhhoang.id.vn
🚀 Starting Telegram Bot (Polling Relay Mode)...
🚀 Starting Telegram Bot (Polling Relay Mode)...
🚀 Starting Telegram Bot (Polling Relay Mode)...
🚀 Starting Telegram Bot (Polling Relay Mode)...
🚀 Starting Telegram Bot (Polling Relay Mode)...
🚀 Starting Telegram Bot (Polling Relay Mode)...
🚀 Starting Telegram Bot (Polling Relay Mode)...
🚀 Starting Telegram Bot (Polling Relay Mode)...
🚀 Starting Telegram Bot (Polling Relay Mode)...
🚀 Starting Telegram Bot (Polling Relay Mode)...
